# JRE version: OpenJDK Runtime Environment Microsoft-13877124 (25.0.3+9) (build 25.0.3+9-LTS)
# Java VM: OpenJDK 64-Bit Server VM Microsoft-13877124 (25.0.3+9-LTS, mixed mode, sharing, tiered, compressed oops, compressed class ptrs, parallel gc, windows-amd64)
GC Precious Log:
 CardTable entry size: 512
 CPUs: 12 total, 12 available
 Memory: 7334M
 Large Page Support: Disabled
 NUMA Support: Disabled
 Compressed Oops: Enabled (Zero based)
 Alignments: Space 512K, Generation 512K, Heap 2M
 Heap Min Capacity: 8M
 Heap Initial Capacity: 116M
 Heap Max Capacity: 4G
 Pre-touch: Disabled
 Parallel Workers: 10
Heap:
 PSYoungGen      total 116224K, used 92656K [0x00000007aab00000, 0x00000007b2980000, 0x0000000800000000)
  eden space 103936K, 88% used [0x00000007aab00000,0x00000007b049b1b0,0x00000007b1080000)
  from space 12288K, 7% used [0x00000007b1d80000,0x00000007b1e60e80,0x00000007b2980000)
  to   space 12800K, 0% used [0x00000007b1080000,0x00000007b1080000,0x00000007b1d00000)
 ParOldGen       total 282112K, used 281663K [0x0000000700000000, 0x0000000711380000, 0x00000007aab00000)
  object space 282112K, 99% used [0x0000000700000000,0x000000071130fcc8,0x0000000711380000)
GC Heap Usage History (20 events):
Event: 106.404 {heap Before GC invocations=64 (full 5):
 PSYoungGen      total 116736K, used 116669K [0x00000007aab00000, 0x00000007b4680000, 0x0000000800000000)
  eden space 110592K, 100% used [0x00000007aab00000,0x00000007b1700000,0x00000007b1700000)
  from space 6144K, 98% used [0x00000007b4080000,0x00000007b466f420,0x00000007b4680000)
  to   space 18944K, 0% used [0x00000007b2180000,0x00000007b2180000,0x00000007b3400000)
 ParOldGen       total 257024K, used 256751K [0x0000000700000000, 0x000000070fb00000, 0x00000007aab00000)
  object space 257024K, 99% used [0x0000000700000000,0x000000070fabbf58,0x000000070fb00000)
}
Event: 106.409 {heap After GC invocations=64 (full 5):
 PSYoungGen      total 114688K, used 8015K [0x00000007aab00000, 0x00000007b4100000, 0x0000000800000000)
  eden space 106496K, 0% used [0x00000007aab00000,0x00000007aab00000,0x00000007b1300000)
  from space 8192K, 97% used [0x00000007b2180000,0x00000007b2953d30,0x00000007b2980000)
  to   space 18432K, 0% used [0x00000007b2f00000,0x00000007b2f00000,0x00000007b4100000)
 ParOldGen       total 263168K, used 262735K [0x0000000700000000, 0x0000000710100000, 0x00000007aab00000)
  object space 263168K, 99% used [0x0000000700000000,0x0000000710093fd8,0x0000000710100000)
}
Event: 106.600 {heap Before GC invocations=65 (full 5):
 PSYoungGen      total 114688K, used 114511K [0x00000007aab00000, 0x00000007b4100000, 0x0000000800000000)
  eden space 106496K, 100% used [0x00000007aab00000,0x00000007b1300000,0x00000007b1300000)
  from space 8192K, 97% used [0x00000007b2180000,0x00000007b2953d30,0x00000007b2980000)
  to   space 18432K, 0% used [0x00000007b2f00000,0x00000007b2f00000,0x00000007b4100000)
 ParOldGen       total 263168K, used 262735K [0x0000000700000000, 0x0000000710100000, 0x00000007aab00000)
  object space 263168K, 99% used [0x0000000700000000,0x0000000710093fd8,0x0000000710100000)
}
Event: 106.603 {heap After GC invocations=65 (full 5):
 PSYoungGen      total 105472K, used 1878K [0x00000007aab00000, 0x00000007b3200000, 0x0000000800000000)
  eden space 102400K, 0% used [0x00000007aab00000,0x00000007aab00000,0x00000007b0f00000)
  from space 3072K, 61% used [0x00000007b2f00000,0x00000007b30d5ba8,0x00000007b3200000)
  to   space 17920K, 0% used [0x00000007b0f00000,0x00000007b0f00000,0x00000007b2080000)
 ParOldGen       total 270848K, used 270606K [0x0000000700000000, 0x0000000710880000, 0x00000007aab00000)
  object space 270848K, 99% used [0x0000000700000000,0x0000000710843998,0x0000000710880000)
}
Event: 106.799 {heap Before GC invocations=66 (full 5):
 PSYoungGen      total 105472K, used 104278K [0x00000007aab00000, 0x00000007b3200000, 0x0000000800000000)
  eden space 102400K, 100% used [0x00000007aab00000,0x00000007b0f00000,0x00000007b0f00000)
  from space 3072K, 61% used [0x00000007b2f00000,0x00000007b30d5ba8,0x00000007b3200000)
  to   space 17920K, 0% used [0x00000007b0f00000,0x00000007b0f00000,0x00000007b2080000)
 ParOldGen       total 270848K, used 270606K [0x0000000700000000, 0x0000000710880000, 0x00000007aab00000)
  object space 270848K, 99% used [0x0000000700000000,0x0000000710843998,0x0000000710880000)
}
Event: 106.801 {heap After GC invocations=66 (full 5):
 PSYoungGen      total 100864K, used 1787K [0x00000007aab00000, 0x00000007b2f80000, 0x0000000800000000)
  eden space 98816K, 0% used [0x00000007aab00000,0x00000007aab00000,0x00000007b0b80000)
  from space 2048K, 87% used [0x00000007b0f00000,0x00000007b10bee18,0x00000007b1100000)
  to   space 17408K, 0% used [0x00000007b1e80000,0x00000007b1e80000,0x00000007b2f80000)
 ParOldGen       total 272384K, used 272294K [0x0000000700000000, 0x0000000710a00000, 0x00000007aab00000)
  object space 272384K, 99% used [0x0000000700000000,0x00000007109e9998,0x0000000710a00000)
}
Event: 107.041 {heap Before GC invocations=67 (full 5):
 PSYoungGen      total 100864K, used 100603K [0x00000007aab00000, 0x00000007b2f80000, 0x0000000800000000)
  eden space 98816K, 100% used [0x00000007aab00000,0x00000007b0b80000,0x00000007b0b80000)
  from space 2048K, 87% used [0x00000007b0f00000,0x00000007b10bee18,0x00000007b1100000)
  to   space 17408K, 0% used [0x00000007b1e80000,0x00000007b1e80000,0x00000007b2f80000)
 ParOldGen       total 272384K, used 272294K [0x0000000700000000, 0x0000000710a00000, 0x00000007aab00000)
  object space 272384K, 99% used [0x0000000700000000,0x00000007109e9998,0x0000000710a00000)
}
Event: 107.043 {heap After GC invocations=67 (full 5):
 PSYoungGen      total 105984K, used 1696K [0x00000007aab00000, 0x00000007b2900000, 0x0000000800000000)
  eden space 95232K, 0% used [0x00000007aab00000,0x00000007aab00000,0x00000007b0800000)
  from space 10752K, 15% used [0x00000007b1e80000,0x00000007b2028000,0x00000007b2900000)
  to   space 16896K, 0% used [0x00000007b0800000,0x00000007b0800000,0x00000007b1880000)
 ParOldGen       total 274432K, used 273993K [0x0000000700000000, 0x0000000710c00000, 0x00000007aab00000)
  object space 274432K, 99% used [0x0000000700000000,0x0000000710b927b0,0x0000000710c00000)
}
Event: 107.215 {heap Before GC invocations=68 (full 5):
 PSYoungGen      total 105984K, used 96928K [0x00000007aab00000, 0x00000007b2900000, 0x0000000800000000)
  eden space 95232K, 100% used [0x00000007aab00000,0x00000007b0800000,0x00000007b0800000)
  from space 10752K, 15% used [0x00000007b1e80000,0x00000007b2028000,0x00000007b2900000)
  to   space 16896K, 0% used [0x00000007b0800000,0x00000007b0800000,0x00000007b1880000)
 ParOldGen       total 274432K, used 273993K [0x0000000700000000, 0x0000000710c00000, 0x00000007aab00000)
  object space 274432K, 99% used [0x0000000700000000,0x0000000710b927b0,0x0000000710c00000)
}
Event: 107.217 {heap After GC invocations=68 (full 5):
 PSYoungGen      total 93696K, used 1625K [0x00000007aab00000, 0x00000007b2380000, 0x0000000800000000)
  eden space 91648K, 0% used [0x00000007aab00000,0x00000007aab00000,0x00000007b0480000)
  from space 2048K, 79% used [0x00000007b0800000,0x00000007b0996520,0x00000007b0a00000)
  to   space 15872K, 0% used [0x00000007b1400000,0x00000007b1400000,0x00000007b2380000)
 ParOldGen       total 275968K, used 275473K [0x0000000700000000, 0x0000000710d80000, 0x00000007aab00000)
  object space 275968K, 99% used [0x0000000700000000,0x0000000710d047b0,0x0000000710d80000)
}
Event: 107.529 {heap Before GC invocations=69 (full 5):
 PSYoungGen      total 93696K, used 93273K [0x00000007aab00000, 0x00000007b2380000, 0x0000000800000000)
  eden space 91648K, 100% used [0x00000007aab00000,0x00000007b0480000,0x00000007b0480000)
  from space 2048K, 79% used [0x00000007b0800000,0x00000007b0996520,0x00000007b0a00000)
  to   space 15872K, 0% used [0x00000007b1400000,0x00000007b1400000,0x00000007b2380000)
 ParOldGen       total 275968K, used 275473K [0x0000000700000000, 0x0000000710d80000, 0x00000007aab00000)
  object space 275968K, 99% used [0x0000000700000000,0x0000000710d047b0,0x0000000710d80000)
}
Event: 107.530 {heap After GC invocations=69 (full 5):
 PSYoungGen      total 100352K, used 1032K [0x00000007aab00000, 0x00000007b1f80000, 0x0000000800000000)
  eden space 88576K, 0% used [0x00000007aab00000,0x00000007aab00000,0x00000007b0180000)
  from space 11776K, 8% used [0x00000007b1400000,0x00000007b1502280,0x00000007b1f80000)
  to   space 15360K, 0% used [0x00000007b0180000,0x00000007b0180000,0x00000007b1080000)
 ParOldGen       total 277504K, used 277019K [0x0000000700000000, 0x0000000710f00000, 0x00000007aab00000)
  object space 277504K, 99% used [0x0000000700000000,0x0000000710e86cd0,0x0000000710f00000)
}
Event: 107.611 {heap Before GC invocations=70 (full 5):
 PSYoungGen      total 100352K, used 89608K [0x00000007aab00000, 0x00000007b1f80000, 0x0000000800000000)
  eden space 88576K, 100% used [0x00000007aab00000,0x00000007b0180000,0x00000007b0180000)
  from space 11776K, 8% used [0x00000007b1400000,0x00000007b1502280,0x00000007b1f80000)
  to   space 15360K, 0% used [0x00000007b0180000,0x00000007b0180000,0x00000007b1080000)
 ParOldGen       total 277504K, used 277019K [0x0000000700000000, 0x0000000710f00000, 0x00000007aab00000)
  object space 277504K, 99% used [0x0000000700000000,0x0000000710e86cd0,0x0000000710f00000)
}
Event: 107.613 {heap After GC invocations=70 (full 5):
 PSYoungGen      total 87552K, used 1924K [0x00000007aab00000, 0x00000007b1b80000, 0x0000000800000000)
  eden space 85504K, 0% used [0x00000007aab00000,0x00000007aab00000,0x00000007afe80000)
  from space 2048K, 93% used [0x00000007b0180000,0x00000007b0361150,0x00000007b0380000)
  to   space 14848K, 0% used [0x00000007b0d00000,0x00000007b0d00000,0x00000007b1b80000)
 ParOldGen       total 278016K, used 277507K [0x0000000700000000, 0x0000000710f80000, 0x00000007aab00000)
  object space 278016K, 99% used [0x0000000700000000,0x0000000710f00ce0,0x0000000710f80000)
}
Event: 107.642 {heap Before GC invocations=71 (full 5):
 PSYoungGen      total 87552K, used 87428K [0x00000007aab00000, 0x00000007b1b80000, 0x0000000800000000)
  eden space 85504K, 100% used [0x00000007aab00000,0x00000007afe80000,0x00000007afe80000)
  from space 2048K, 93% used [0x00000007b0180000,0x00000007b0361150,0x00000007b0380000)
  to   space 14848K, 0% used [0x00000007b0d00000,0x00000007b0d00000,0x00000007b1b80000)
 ParOldGen       total 278016K, used 277507K [0x0000000700000000, 0x0000000710f80000, 0x00000007aab00000)
  object space 278016K, 99% used [0x0000000700000000,0x0000000710f00ce0,0x0000000710f80000)
}
Event: 107.644 {heap After GC invocations=71 (full 5):
 PSYoungGen      total 101376K, used 1928K [0x00000007aab00000, 0x00000007b2a80000, 0x0000000800000000)
  eden space 86528K, 0% used [0x00000007aab00000,0x00000007aab00000,0x00000007aff80000)
  from space 14848K, 12% used [0x00000007b0d00000,0x00000007b0ee22d0,0x00000007b1b80000)
  to   space 13824K, 0% used [0x00000007aff80000,0x00000007aff80000,0x00000007b0d00000)
 ParOldGen       total 279552K, used 279135K [0x0000000700000000, 0x0000000711100000, 0x00000007aab00000)
  object space 279552K, 99% used [0x0000000700000000,0x0000000711097c28,0x0000000711100000)
}
Event: 107.679 {heap Before GC invocations=72 (full 5):
 PSYoungGen      total 101376K, used 88315K [0x00000007aab00000, 0x00000007b2a80000, 0x0000000800000000)
  eden space 86528K, 99% used [0x00000007aab00000,0x00000007aff5c970,0x00000007aff80000)
  from space 14848K, 12% used [0x00000007b0d00000,0x00000007b0ee22d0,0x00000007b1b80000)
  to   space 13824K, 0% used [0x00000007aff80000,0x00000007aff80000,0x00000007b0d00000)
 ParOldGen       total 279552K, used 279135K [0x0000000700000000, 0x0000000711100000, 0x00000007aab00000)
  object space 279552K, 99% used [0x0000000700000000,0x0000000711097c28,0x0000000711100000)
}
Event: 107.681 {heap After GC invocations=72 (full 5):
 PSYoungGen      total 100352K, used 2069K [0x00000007aab00000, 0x00000007b2a80000, 0x0000000800000000)
  eden space 86528K, 0% used [0x00000007aab00000,0x00000007aab00000,0x00000007aff80000)
  from space 13824K, 14% used [0x00000007aff80000,0x00000007b01855f0,0x00000007b0d00000)
  to   space 13312K, 0% used [0x00000007b1d80000,0x00000007b1d80000,0x00000007b2a80000)
 ParOldGen       total 280576K, used 280543K [0x0000000700000000, 0x0000000711200000, 0x00000007aab00000)
  object space 280576K, 99% used [0x0000000700000000,0x00000007111f7c68,0x0000000711200000)
}
Event: 107.718 {heap Before GC invocations=73 (full 5):
 PSYoungGen      total 100352K, used 88597K [0x00000007aab00000, 0x00000007b2a80000, 0x0000000800000000)
  eden space 86528K, 100% used [0x00000007aab00000,0x00000007aff80000,0x00000007aff80000)
  from space 13824K, 14% used [0x00000007aff80000,0x00000007b01855f0,0x00000007b0d00000)
  to   space 13312K, 0% used [0x00000007b1d80000,0x00000007b1d80000,0x00000007b2a80000)
 ParOldGen       total 280576K, used 280543K [0x0000000700000000, 0x0000000711200000, 0x00000007aab00000)
  object space 280576K, 99% used [0x0000000700000000,0x00000007111f7c68,0x0000000711200000)
}
Event: 107.720 {heap After GC invocations=73 (full 5):
 PSYoungGen      total 116224K, used 899K [0x00000007aab00000, 0x00000007b2980000, 0x0000000800000000)
  eden space 103936K, 0% used [0x00000007aab00000,0x00000007aab00000,0x00000007b1080000)
  from space 12288K, 7% used [0x00000007b1d80000,0x00000007b1e60e80,0x00000007b2980000)
  to   space 12800K, 0% used [0x00000007b1080000,0x00000007b1080000,0x00000007b1d00000)
 ParOldGen       total 282112K, used 281663K [0x0000000700000000, 0x0000000711380000, 0x00000007aab00000)
  object space 282112K, 99% used [0x0000000700000000,0x000000071130fcc8,0x0000000711380000)
}

