# JRE version: OpenJDK Runtime Environment Temurin-25.0.3+9 (25.0.3+9) (build 25.0.3+9-LTS)
# Java VM: OpenJDK 64-Bit Server VM Temurin-25.0.3+9 (25.0.3+9-LTS, mixed mode, sharing, tiered, compressed oops, compressed class ptrs, parallel gc, windows-amd64)
GC Precious Log:
 CardTable entry size: 512
 CPUs: 12 total, 12 available
 Memory: 16310M
 Large Page Support: Disabled
 NUMA Support: Disabled
 Compressed Oops: Enabled (Zero based)
 Alignments: Space 512K, Generation 512K, Heap 2M
 Heap Min Capacity: 8M
 Heap Initial Capacity: 256M
 Heap Max Capacity: 4G
 Pre-touch: Disabled
 Parallel Workers: 10
Heap:
 PSYoungGen      total 293888K, used 114404K [0x00000007aab00000, 0x00000007c2e00000, 0x0000000800000000)
  eden space 231936K, 37% used [0x00000007aab00000,0x00000007affc8de8,0x00000007b8d80000)
  from space 61952K, 44% used [0x00000007b8d80000,0x00000007ba870228,0x00000007bca00000)
  to   space 58880K, 0% used [0x00000007bf480000,0x00000007bf480000,0x00000007c2e00000)
 ParOldGen       total 617472K, used 617126K [0x0000000700000000, 0x0000000725b00000, 0x00000007aab00000)
  object space 617472K, 99% used [0x0000000700000000,0x0000000725aa9a70,0x0000000725b00000)
GC Heap Usage History (20 events):
Event: 56.980 {heap Before GC invocations=59 (full 5):
 PSYoungGen      total 160768K, used 148692K [0x00000007aab00000, 0x00000007b9600000, 0x0000000800000000)
  eden space 111616K, 100% used [0x00000007aab00000,0x00000007b1800000,0x00000007b1800000)
  from space 49152K, 75% used [0x00000007b1800000,0x00000007b3c352b8,0x00000007b4800000)
  to   space 52736K, 0% used [0x00000007b6280000,0x00000007b6280000,0x00000007b9600000)
 ParOldGen       total 396800K, used 396675K [0x0000000700000000, 0x0000000718380000, 0x00000007aab00000)
  object space 396800K, 99% used [0x0000000700000000,0x0000000718360ed8,0x0000000718380000)
}
Event: 57.018 {heap After GC invocations=59 (full 5):
 PSYoungGen      total 185344K, used 35615K [0x00000007aab00000, 0x00000007b9b00000, 0x0000000800000000)
  eden space 132608K, 0% used [0x00000007aab00000,0x00000007aab00000,0x00000007b2c80000)
  from space 52736K, 67% used [0x00000007b6280000,0x00000007b8547cb0,0x00000007b9600000)
  to   space 55296K, 0% used [0x00000007b2c80000,0x00000007b2c80000,0x00000007b6280000)
 ParOldGen       total 434176K, used 433672K [0x0000000700000000, 0x000000071a800000, 0x00000007aab00000)
  object space 434176K, 99% used [0x0000000700000000,0x000000071a7821b0,0x000000071a800000)
}
Event: 59.727 {heap Before GC invocations=60 (full 6):
 PSYoungGen      total 185344K, used 155903K [0x00000007aab00000, 0x00000007b9b00000, 0x0000000800000000)
  eden space 132608K, 90% used [0x00000007aab00000,0x00000007b2078188,0x00000007b2c80000)
  from space 52736K, 67% used [0x00000007b6280000,0x00000007b8547cb0,0x00000007b9600000)
  to   space 55296K, 0% used [0x00000007b2c80000,0x00000007b2c80000,0x00000007b6280000)
 ParOldGen       total 434176K, used 433672K [0x0000000700000000, 0x000000071a800000, 0x00000007aab00000)
  object space 434176K, 99% used [0x0000000700000000,0x000000071a7821b0,0x000000071a800000)
}
Event: 60.206 {heap After GC invocations=60 (full 6):
 PSYoungGen      total 185344K, used 32979K [0x00000007aab00000, 0x00000007b9b00000, 0x0000000800000000)
  eden space 132608K, 0% used [0x00000007aab00000,0x00000007aab00000,0x00000007b2c80000)
  from space 52736K, 62% used [0x00000007b6280000,0x00000007b82b4d58,0x00000007b9600000)
  to   space 55296K, 0% used [0x00000007b2c80000,0x00000007b2c80000,0x00000007b6280000)
 ParOldGen       total 434176K, used 434176K [0x0000000700000000, 0x000000071a800000, 0x00000007aab00000)
  object space 434176K, 100% used [0x0000000700000000,0x000000071a800000,0x000000071a800000)
}
Event: 63.244 {heap Before GC invocations=61 (full 6):
 PSYoungGen      total 185344K, used 165587K [0x00000007aab00000, 0x00000007b9b00000, 0x0000000800000000)
  eden space 132608K, 100% used [0x00000007aab00000,0x00000007b2c80000,0x00000007b2c80000)
  from space 52736K, 62% used [0x00000007b6280000,0x00000007b82b4d58,0x00000007b9600000)
  to   space 55296K, 0% used [0x00000007b2c80000,0x00000007b2c80000,0x00000007b6280000)
 ParOldGen       total 434176K, used 434176K [0x0000000700000000, 0x000000071a800000, 0x00000007aab00000)
  object space 434176K, 100% used [0x0000000700000000,0x000000071a800000,0x000000071a800000)
}
Event: 63.293 {heap After GC invocations=61 (full 6):
 PSYoungGen      total 187904K, used 55271K [0x00000007aab00000, 0x00000007bc700000, 0x0000000800000000)
  eden space 132608K, 0% used [0x00000007aab00000,0x00000007aab00000,0x00000007b2c80000)
  from space 55296K, 99% used [0x00000007b2c80000,0x00000007b6279d18,0x00000007b6280000)
  to   space 65024K, 0% used [0x00000007b8780000,0x00000007b8780000,0x00000007bc700000)
 ParOldGen       total 435200K, used 435152K [0x0000000700000000, 0x000000071a900000, 0x00000007aab00000)
  object space 435200K, 99% used [0x0000000700000000,0x000000071a8f4000,0x000000071a900000)
}
Event: 65.386 {heap Before GC invocations=62 (full 6):
 PSYoungGen      total 187904K, used 187879K [0x00000007aab00000, 0x00000007bc700000, 0x0000000800000000)
  eden space 132608K, 100% used [0x00000007aab00000,0x00000007b2c80000,0x00000007b2c80000)
  from space 55296K, 99% used [0x00000007b2c80000,0x00000007b6279d18,0x00000007b6280000)
  to   space 65024K, 0% used [0x00000007b8780000,0x00000007b8780000,0x00000007bc700000)
 ParOldGen       total 435200K, used 435152K [0x0000000700000000, 0x000000071a900000, 0x00000007aab00000)
  object space 435200K, 99% used [0x0000000700000000,0x000000071a8f4000,0x000000071a900000)
}
Event: 65.421 {heap After GC invocations=62 (full 6):
 PSYoungGen      total 219648K, used 18705K [0x00000007aab00000, 0x00000007bc100000, 0x0000000800000000)
  eden space 160768K, 0% used [0x00000007aab00000,0x00000007aab00000,0x00000007b4800000)
  from space 58880K, 31% used [0x00000007b8780000,0x00000007b99c44b8,0x00000007bc100000)
  to   space 61952K, 0% used [0x00000007b4800000,0x00000007b4800000,0x00000007b8480000)
 ParOldGen       total 490496K, used 490488K [0x0000000700000000, 0x000000071df00000, 0x00000007aab00000)
  object space 490496K, 99% used [0x0000000700000000,0x000000071defe238,0x000000071df00000)
}
Event: 67.747 {heap Before GC invocations=63 (full 7):
 PSYoungGen      total 219648K, used 152900K [0x00000007aab00000, 0x00000007bc100000, 0x0000000800000000)
  eden space 160768K, 83% used [0x00000007aab00000,0x00000007b2e0cef0,0x00000007b4800000)
  from space 58880K, 31% used [0x00000007b8780000,0x00000007b99c44b8,0x00000007bc100000)
  to   space 61952K, 0% used [0x00000007b4800000,0x00000007b4800000,0x00000007b8480000)
 ParOldGen       total 490496K, used 490488K [0x0000000700000000, 0x000000071df00000, 0x00000007aab00000)
  object space 490496K, 99% used [0x0000000700000000,0x000000071defe238,0x000000071df00000)
}
Event: 68.131 {heap After GC invocations=63 (full 7):
 PSYoungGen      total 219648K, used 35389K [0x00000007aab00000, 0x00000007bc100000, 0x0000000800000000)
  eden space 160768K, 22% used [0x00000007aab00000,0x00000007acd8f5d8,0x00000007b4800000)
  from space 58880K, 0% used [0x00000007b8780000,0x00000007b8780000,0x00000007bc100000)
  to   space 61952K, 0% used [0x00000007b4800000,0x00000007b4800000,0x00000007b8480000)
 ParOldGen       total 490496K, used 490495K [0x0000000700000000, 0x000000071df00000, 0x00000007aab00000)
  object space 490496K, 99% used [0x0000000700000000,0x000000071defffb8,0x000000071df00000)
}
Event: 69.463 {heap Before GC invocations=64 (full 7):
 PSYoungGen      total 219648K, used 160768K [0x00000007aab00000, 0x00000007bc100000, 0x0000000800000000)
  eden space 160768K, 100% used [0x00000007aab00000,0x00000007b4800000,0x00000007b4800000)
  from space 58880K, 0% used [0x00000007b8780000,0x00000007b8780000,0x00000007bc100000)
  to   space 61952K, 0% used [0x00000007b4800000,0x00000007b4800000,0x00000007b8480000)
 ParOldGen       total 490496K, used 490495K [0x0000000700000000, 0x000000071df00000, 0x00000007aab00000)
  object space 490496K, 99% used [0x0000000700000000,0x000000071defffb8,0x000000071df00000)
}
Event: 69.541 {heap After GC invocations=64 (full 7):
 PSYoungGen      total 222720K, used 57163K [0x00000007aab00000, 0x00000007bf080000, 0x0000000800000000)
  eden space 160768K, 0% used [0x00000007aab00000,0x00000007aab00000,0x00000007b4800000)
  from space 61952K, 92% used [0x00000007b4800000,0x00000007b7fd2fd8,0x00000007b8480000)
  to   space 70144K, 0% used [0x00000007bac00000,0x00000007bac00000,0x00000007bf080000)
 ParOldGen       total 491008K, used 490799K [0x0000000700000000, 0x000000071df80000, 0x00000007aab00000)
  object space 491008K, 99% used [0x0000000700000000,0x000000071df4bfb8,0x000000071df80000)
}
Event: 70.918 {heap Before GC invocations=65 (full 7):
 PSYoungGen      total 222720K, used 217931K [0x00000007aab00000, 0x00000007bf080000, 0x0000000800000000)
  eden space 160768K, 100% used [0x00000007aab00000,0x00000007b4800000,0x00000007b4800000)
  from space 61952K, 92% used [0x00000007b4800000,0x00000007b7fd2fd8,0x00000007b8480000)
  to   space 70144K, 0% used [0x00000007bac00000,0x00000007bac00000,0x00000007bf080000)
 ParOldGen       total 491008K, used 490799K [0x0000000700000000, 0x000000071df80000, 0x00000007aab00000)
  object space 491008K, 99% used [0x0000000700000000,0x000000071df4bfb8,0x000000071df80000)
}
Event: 71.006 {heap After GC invocations=65 (full 7):
 PSYoungGen      total 258048K, used 19114K [0x00000007aab00000, 0x00000007beb80000, 0x0000000800000000)
  eden space 193024K, 0% used [0x00000007aab00000,0x00000007aab00000,0x00000007b6780000)
  from space 65024K, 29% used [0x00000007bac00000,0x00000007bbeaa9c8,0x00000007beb80000)
  to   space 67584K, 0% used [0x00000007b6780000,0x00000007b6780000,0x00000007ba980000)
 ParOldGen       total 548352K, used 547939K [0x0000000700000000, 0x0000000721780000, 0x00000007aab00000)
  object space 548352K, 99% used [0x0000000700000000,0x0000000721718d28,0x0000000721780000)
}
Event: 72.836 {heap Before GC invocations=66 (full 7):
 PSYoungGen      total 258048K, used 212138K [0x00000007aab00000, 0x00000007beb80000, 0x0000000800000000)
  eden space 193024K, 100% used [0x00000007aab00000,0x00000007b6780000,0x00000007b6780000)
  from space 65024K, 29% used [0x00000007bac00000,0x00000007bbeaa9c8,0x00000007beb80000)
  to   space 67584K, 0% used [0x00000007b6780000,0x00000007b6780000,0x00000007ba980000)
 ParOldGen       total 548352K, used 547939K [0x0000000700000000, 0x0000000721780000, 0x00000007aab00000)
  object space 548352K, 99% used [0x0000000700000000,0x0000000721718d28,0x0000000721780000)
}
Event: 72.860 {heap After GC invocations=66 (full 7):
 PSYoungGen      total 260608K, used 21190K [0x00000007aab00000, 0x00000007c0b80000, 0x0000000800000000)
  eden space 193024K, 0% used [0x00000007aab00000,0x00000007aab00000,0x00000007b6780000)
  from space 67584K, 31% used [0x00000007b6780000,0x00000007b7c31bf0,0x00000007ba980000)
  to   space 64512K, 0% used [0x00000007bcc80000,0x00000007bcc80000,0x00000007c0b80000)
 ParOldGen       total 567296K, used 566966K [0x0000000700000000, 0x0000000722a00000, 0x00000007aab00000)
  object space 567296K, 99% used [0x0000000700000000,0x00000007229ad938,0x0000000722a00000)
}
Event: 74.295 {heap Before GC invocations=67 (full 7):
 PSYoungGen      total 260608K, used 214214K [0x00000007aab00000, 0x00000007c0b80000, 0x0000000800000000)
  eden space 193024K, 100% used [0x00000007aab00000,0x00000007b6780000,0x00000007b6780000)
  from space 67584K, 31% used [0x00000007b6780000,0x00000007b7c31bf0,0x00000007ba980000)
  to   space 64512K, 0% used [0x00000007bcc80000,0x00000007bcc80000,0x00000007c0b80000)
 ParOldGen       total 567296K, used 566966K [0x0000000700000000, 0x0000000722a00000, 0x00000007aab00000)
  object space 567296K, 99% used [0x0000000700000000,0x00000007229ad938,0x0000000722a00000)
}
Event: 74.319 {heap After GC invocations=67 (full 7):
 PSYoungGen      total 291328K, used 29196K [0x00000007aab00000, 0x00000007c0680000, 0x0000000800000000)
  eden space 231936K, 0% used [0x00000007aab00000,0x00000007aab00000,0x00000007b8d80000)
  from space 59392K, 49% used [0x00000007bcc80000,0x00000007be9033c0,0x00000007c0680000)
  to   space 61952K, 0% used [0x00000007b8d80000,0x00000007b8d80000,0x00000007bca00000)
 ParOldGen       total 588288K, used 588074K [0x0000000700000000, 0x0000000723e80000, 0x00000007aab00000)
  object space 588288K, 99% used [0x0000000700000000,0x0000000723e4a8a8,0x0000000723e80000)
}
Event: 75.910 {heap Before GC invocations=68 (full 7):
 PSYoungGen      total 291328K, used 261132K [0x00000007aab00000, 0x00000007c0680000, 0x0000000800000000)
  eden space 231936K, 100% used [0x00000007aab00000,0x00000007b8d80000,0x00000007b8d80000)
  from space 59392K, 49% used [0x00000007bcc80000,0x00000007be9033c0,0x00000007c0680000)
  to   space 61952K, 0% used [0x00000007b8d80000,0x00000007b8d80000,0x00000007bca00000)
 ParOldGen       total 588288K, used 588074K [0x0000000700000000, 0x0000000723e80000, 0x00000007aab00000)
  object space 588288K, 99% used [0x0000000700000000,0x0000000723e4a8a8,0x0000000723e80000)
}
Event: 75.936 {heap After GC invocations=68 (full 7):
 PSYoungGen      total 293888K, used 27584K [0x00000007aab00000, 0x00000007c2e00000, 0x0000000800000000)
  eden space 231936K, 0% used [0x00000007aab00000,0x00000007aab00000,0x00000007b8d80000)
  from space 61952K, 44% used [0x00000007b8d80000,0x00000007ba870228,0x00000007bca00000)
  to   space 58880K, 0% used [0x00000007bf480000,0x00000007bf480000,0x00000007c2e00000)
 ParOldGen       total 617472K, used 617126K [0x0000000700000000, 0x0000000725b00000, 0x00000007aab00000)
  object space 617472K, 99% used [0x0000000700000000,0x0000000725aa9a70,0x0000000725b00000)
}

